<?xml version="1.0" encoding="UTF-8"?>
<!-- Generated by org.testng.reporters.JUnitXMLReporter -->
<testsuite ignored="0" hostname="LAPTOP-5TIHE3J8" failures="0" tests="4" name="Default test" time="259.684" errors="0" timestamp="2022-11-11T11:03:38 IST">
  <testcase classname="TestKSP" name="test1" time="73.515"/>
  <testcase classname="TestKSP" name="test1" time="74.721"/>
  <testcase classname="TestKSP" name="test1" time="75.368"/>
  <testcase classname="TestKSP" name="test2" time="30.359"/>
</testsuite> <!-- Default test -->
