<?xml version="1.0" encoding="UTF-8"?>
<!-- Generated by org.testng.reporters.JUnitXMLReporter -->
<testsuite ignored="0" hostname="LAPTOP-5TIHE3J8" failures="0" tests="4" name="Default test" time="337.515" errors="0" timestamp="2022-11-11T23:43:27 IST">
  <testcase classname="TestKSP" name="test1" time="96.23"/>
  <testcase classname="TestKSP" name="test1" time="98.287"/>
  <testcase classname="TestKSP" name="test1" time="94.873"/>
  <testcase classname="TestKSP" name="test2" time="39.733"/>
</testsuite> <!-- Default test -->
