<?xml version="1.0" encoding="UTF-8"?>
<testng-results ignored="0" total="4" passed="4" failed="0" skipped="0">
  <reporter-output>
  </reporter-output>
  <suite started-at="2022-11-11T23:37:49 IST" name="Default suite" finished-at="2022-11-11T23:43:27 IST" duration-ms="337515">
    <groups>
    </groups>
    <test started-at="2022-11-11T23:37:49 IST" name="Default test" finished-at="2022-11-11T23:43:27 IST" duration-ms="337515">
      <class name="TestKSP">
        <test-method is-config="true" signature="beforeSuite()[pri:0, instance:TestKSP@36b4091c]" started-at="2022-11-11T23:37:46 IST" name="beforeSuite" finished-at="2022-11-11T23:37:49 IST" duration-ms="2820" status="PASS">
          <reporter-output>
          </reporter-output>
        </test-method> <!-- beforeSuite -->
        <test-method is-config="true" signature="beforeMethod()[pri:0, instance:TestKSP@36b4091c]" started-at="2022-11-11T23:37:49 IST" name="beforeMethod" finished-at="2022-11-11T23:37:53 IST" duration-ms="3306" status="PASS">
          <reporter-output>
          </reporter-output>
        </test-method> <!-- beforeMethod -->
        <test-method signature="test1(java.lang.String)[pri:0, instance:TestKSP@36b4091c]" started-at="2022-11-11T23:37:53 IST" name="test1" data-provider="Data" finished-at="2022-11-11T23:39:29 IST" duration-ms="96230" status="PASS">
          <params>
            <param index="0">
              <value>
                <![CDATA[iphone 14 128GB]]>
              </value>
            </param>
          </params>
          <reporter-output>
          </reporter-output>
        </test-method> <!-- test1 -->
        <test-method is-config="true" signature="beforeMethod()[pri:0, instance:TestKSP@36b4091c]" started-at="2022-11-11T23:39:29 IST" name="beforeMethod" finished-at="2022-11-11T23:39:30 IST" duration-ms="1453" status="PASS">
          <reporter-output>
          </reporter-output>
        </test-method> <!-- beforeMethod -->
        <test-method signature="test1(java.lang.String)[pri:0, instance:TestKSP@36b4091c]" started-at="2022-11-11T23:39:30 IST" name="test1" data-provider="Data" finished-at="2022-11-11T23:41:09 IST" duration-ms="98287" status="PASS">
          <params>
            <param index="0">
              <value>
                <![CDATA[Samsung Galaxy S21 FE 5G]]>
              </value>
            </param>
          </params>
          <reporter-output>
          </reporter-output>
        </test-method> <!-- test1 -->
        <test-method is-config="true" signature="beforeMethod()[pri:0, instance:TestKSP@36b4091c]" started-at="2022-11-11T23:41:09 IST" name="beforeMethod" finished-at="2022-11-11T23:41:10 IST" duration-ms="1477" status="PASS">
          <reporter-output>
          </reporter-output>
        </test-method> <!-- beforeMethod -->
        <test-method signature="test1(java.lang.String)[pri:0, instance:TestKSP@36b4091c]" started-at="2022-11-11T23:41:10 IST" name="test1" data-provider="Data" finished-at="2022-11-11T23:42:45 IST" duration-ms="94873" status="PASS">
          <params>
            <param index="0">
              <value>
                <![CDATA[iphone 12 128GB]]>
              </value>
            </param>
          </params>
          <reporter-output>
          </reporter-output>
        </test-method> <!-- test1 -->
        <test-method is-config="true" signature="beforeMethod()[pri:0, instance:TestKSP@36b4091c]" started-at="2022-11-11T23:42:45 IST" name="beforeMethod" finished-at="2022-11-11T23:42:47 IST" duration-ms="1876" status="PASS">
          <reporter-output>
          </reporter-output>
        </test-method> <!-- beforeMethod -->
        <test-method signature="test2()[pri:0, instance:TestKSP@36b4091c]" started-at="2022-11-11T23:42:47 IST" name="test2" finished-at="2022-11-11T23:43:27 IST" depends-on-methods="TestKSP.test1" duration-ms="39733" status="PASS">
          <reporter-output>
          </reporter-output>
        </test-method> <!-- test2 -->
        <test-method is-config="true" signature="afterSuite()[pri:0, instance:TestKSP@36b4091c]" started-at="2022-11-11T23:43:27 IST" name="afterSuite" finished-at="2022-11-11T23:43:27 IST" duration-ms="431" status="PASS">
          <reporter-output>
          </reporter-output>
        </test-method> <!-- afterSuite -->
      </class> <!-- TestKSP -->
    </test> <!-- Default test -->
  </suite> <!-- Default suite -->
</testng-results>
