<?xml version="1.0" encoding="UTF-8"?>
<testng-results ignored="0" total="4" passed="4" failed="0" skipped="0">
  <reporter-output>
  </reporter-output>
  <suite started-at="2023-01-06T12:44:18 IST" name="Default suite" finished-at="2023-01-06T12:45:24 IST" duration-ms="66622">
    <groups>
    </groups>
    <test started-at="2023-01-06T12:44:18 IST" name="Default test" finished-at="2023-01-06T12:45:24 IST" duration-ms="66622">
      <class name="TestKSP">
        <test-method is-config="true" signature="beforeSuite()[pri:0, instance:TestKSP@36b4091c]" started-at="2023-01-06T12:44:16 IST" name="beforeSuite" finished-at="2023-01-06T12:44:18 IST" duration-ms="1857" status="PASS">
          <reporter-output>
          </reporter-output>
        </test-method> <!-- beforeSuite -->
        <test-method is-config="true" signature="beforeMethod()[pri:0, instance:TestKSP@36b4091c]" started-at="2023-01-06T12:44:18 IST" name="beforeMethod" finished-at="2023-01-06T12:44:20 IST" duration-ms="2881" status="PASS">
          <reporter-output>
          </reporter-output>
        </test-method> <!-- beforeMethod -->
        <test-method signature="test2()[pri:0, instance:TestKSP@36b4091c]" started-at="2023-01-06T12:44:21 IST" name="test2" finished-at="2023-01-06T12:44:26 IST" duration-ms="5265" status="PASS">
          <reporter-output>
          </reporter-output>
        </test-method> <!-- test2 -->
        <test-method is-config="true" signature="beforeMethod()[pri:0, instance:TestKSP@36b4091c]" started-at="2023-01-06T12:44:26 IST" name="beforeMethod" finished-at="2023-01-06T12:44:28 IST" duration-ms="1898" status="PASS">
          <reporter-output>
          </reporter-output>
        </test-method> <!-- beforeMethod -->
        <test-method signature="test1(java.lang.String)[pri:0, instance:TestKSP@36b4091c]" started-at="2023-01-06T12:44:28 IST" name="test1" data-provider="Data" finished-at="2023-01-06T12:44:37 IST" depends-on-methods="TestKSP.test2" duration-ms="9191" status="PASS">
          <params>
            <param index="0">
              <value>
                <![CDATA[iphone 11 128GB]]>
              </value>
            </param>
          </params>
          <reporter-output>
          </reporter-output>
        </test-method> <!-- test1 -->
        <test-method is-config="true" signature="beforeMethod()[pri:0, instance:TestKSP@36b4091c]" started-at="2023-01-06T12:44:37 IST" name="beforeMethod" finished-at="2023-01-06T12:44:38 IST" duration-ms="1360" status="PASS">
          <reporter-output>
          </reporter-output>
        </test-method> <!-- beforeMethod -->
        <test-method signature="test1(java.lang.String)[pri:0, instance:TestKSP@36b4091c]" started-at="2023-01-06T12:44:38 IST" name="test1" data-provider="Data" finished-at="2023-01-06T12:45:10 IST" depends-on-methods="TestKSP.test2" duration-ms="31488" status="PASS">
          <params>
            <param index="0">
              <value>
                <![CDATA[iphone 13 128GB]]>
              </value>
            </param>
          </params>
          <reporter-output>
          </reporter-output>
        </test-method> <!-- test1 -->
        <test-method is-config="true" signature="beforeMethod()[pri:0, instance:TestKSP@36b4091c]" started-at="2023-01-06T12:45:10 IST" name="beforeMethod" finished-at="2023-01-06T12:45:12 IST" duration-ms="2020" status="PASS">
          <reporter-output>
          </reporter-output>
        </test-method> <!-- beforeMethod -->
        <test-method signature="test1(java.lang.String)[pri:0, instance:TestKSP@36b4091c]" started-at="2023-01-06T12:45:12 IST" name="test1" data-provider="Data" finished-at="2023-01-06T12:45:24 IST" depends-on-methods="TestKSP.test2" duration-ms="12224" status="PASS">
          <params>
            <param index="0">
              <value>
                <![CDATA[iphone 12 128GB]]>
              </value>
            </param>
          </params>
          <reporter-output>
          </reporter-output>
        </test-method> <!-- test1 -->
        <test-method is-config="true" signature="afterSuite()[pri:0, instance:TestKSP@36b4091c]" started-at="2023-01-06T12:45:24 IST" name="afterSuite" finished-at="2023-01-06T12:45:24 IST" duration-ms="249" status="PASS">
          <reporter-output>
          </reporter-output>
        </test-method> <!-- afterSuite -->
      </class> <!-- TestKSP -->
    </test> <!-- Default test -->
  </suite> <!-- Default suite -->
</testng-results>
